{
  "RSpec": {
    "coverage": {
      "/home/david/rails/notes/app/controllers/api/v1/categories_controller.rb": [
        null,
        null,
        null,
        1,
        1,
        null,
        1,
        2,
        2,
        2,
        null,
        null,
        null,
        1,
        1,
        2,
        null,
        2,
        null,
        null,
        1,
        1,
        1,
        2,
        2,
        null,
        null,
        1,
        1,
        2,
        null,
        null,
        1,
        1,
        1,
        2,
        2,
        null,
        null,
        1,
        1,
        2,
        2,
        null,
        null,
        1,
        null,
        1,
        4,
        null,
        null,
        1,
        6,
        6,
        null,
        null
      ],
      "/home/david/rails/notes/app/controllers/api/v1/base_controller.rb": [
        null,
        null,
        null,
        1,
        1,
        1,
        1,
        null,
        null,
        1,
        1,
        null,
        null,
        1,
        8,
        null,
        null
      ],
      "/home/david/rails/notes/app/controllers/application_controller.rb": [
        null,
        null,
        null,
        1,
        null
      ],
      "/home/david/rails/notes/app/controllers/api/v1/notes_controller.rb": [
        null,
        null,
        null,
        1,
        1,
        null,
        1,
        2,
        2,
        2,
        null,
        null,
        null,
        1,
        1,
        2,
        null,
        2,
        null,
        null,
        1,
        1,
        1,
        2,
        2,
        null,
        null,
        1,
        1,
        2,
        null,
        null,
        1,
        1,
        1,
        2,
        2,
        null,
        null,
        1,
        1,
        2,
        2,
        null,
        null,
        1,
        null,
        1,
        4,
        null,
        null,
        1,
        7,
        7,
        null,
        null
      ],
      "/home/david/rails/notes/app/models/category.rb": [
        null,
        null,
        null,
        1,
        1,
        null,
        1,
        null
      ],
      "/home/david/rails/notes/app/models/application_record.rb": [
        null,
        null,
        null,
        1,
        1,
        null
      ],
      "/home/david/rails/notes/app/models/note.rb": [
        null,
        null,
        null,
        1,
        1,
        null,
        1,
        null
      ]
    },
    "timestamp": 1568117333
  }
}
